<?xml version="1.0" encoding="UTF-8"?>
<testng-results ignored="0" total="2" passed="2" failed="0" skipped="0">
  <reporter-output>
  </reporter-output>
  <suite started-at="2022-11-11T11:09:32 IST" name="Default suite" finished-at="2022-11-11T11:09:50 IST" duration-ms="17607">
    <groups>
    </groups>
    <test started-at="2022-11-11T11:09:32 IST" name="Default test" finished-at="2022-11-11T11:09:50 IST" duration-ms="17607">
      <class name="POM_task_day6.test">
        <test-method is-config="true" signature="beforetest()[pri:0, instance:POM_task_day6.test@4c60d6e9]" started-at="2022-11-11T11:09:32 IST" name="beforetest" finished-at="2022-11-11T11:09:37 IST" duration-ms="4762" status="PASS">
          <reporter-output>
          </reporter-output>
        </test-method> <!-- beforetest -->
        <test-method signature="test1()[pri:1, instance:POM_task_day6.test@4c60d6e9]" started-at="2022-11-11T11:09:37 IST" name="test1" finished-at="2022-11-11T11:09:46 IST" duration-ms="8873" status="PASS">
          <reporter-output>
          </reporter-output>
        </test-method> <!-- test1 -->
        <test-method signature="test2()[pri:2, instance:POM_task_day6.test@4c60d6e9]" started-at="2022-11-11T11:09:46 IST" name="test2" finished-at="2022-11-11T11:09:50 IST" duration-ms="3929" status="PASS">
          <reporter-output>
          </reporter-output>
        </test-method> <!-- test2 -->
        <test-method is-config="true" signature="aftertests()[pri:0, instance:POM_task_day6.test@4c60d6e9]" started-at="2022-11-11T11:09:50 IST" name="aftertests" finished-at="2022-11-11T11:09:50 IST" duration-ms="3" status="PASS">
          <reporter-output>
          </reporter-output>
        </test-method> <!-- aftertests -->
      </class> <!-- POM_task_day6.test -->
    </test> <!-- Default test -->
  </suite> <!-- Default suite -->
</testng-results>
